<?xml version="1.0" encoding="UTF-8"?>
<!-- Generated by org.testng.reporters.JUnitReportReporter -->
<testsuite hostname="Mohammads-MacBook-Pro.local" failures="0" tests="5" name="myTestcases.Signup" time="0.009" errors="0" timestamp="2024-02-04T09:26:45 EET" skipped="4">
  <testcase classname="myTestcases.Signup" name="MyTest" time="0.009"/>
  <system-out/>
  <testcase classname="myTestcases.Signup" name="logoutProcess">
    <skipped/>
  </testcase> <!-- logoutProcess -->
  <system-out/>
  <testcase classname="myTestcases.Signup" name="LoginProcess">
    <skipped/>
  </testcase> <!-- LoginProcess -->
  <system-out/>
  <testcase classname="myTestcases.Signup" name="addOneRandomItem">
    <skipped/>
  </testcase> <!-- addOneRandomItem -->
  <system-out/>
  <testcase classname="myTestcases.Signup" name="myFirstTest">
    <skipped/>
  </testcase> <!-- myFirstTest -->
  <system-out/>
</testsuite> <!-- myTestcases.Signup -->
